c:\users\derek\documents\proteusdriverofficial\x64\debug\vc143.pdb
c:\users\derek\documents\proteusdriverofficial\x64\debug\vc143.idb
c:\users\derek\documents\proteusdriverofficial\x64\debug\samplebrailledriver.obj
c:\users\derek\documents\proteusdriverofficial\x64\debug\proteusdriver.obj
c:\users\derek\documents\proteusdriverofficial\x64\debug\samplebrailledriver.ilk
c:\users\derek\documents\proteusdriverofficial\x64\debug\samplebrailledriver.jlb
c:\users\derek\documents\proteusdriverofficial\x64\debug\samplebrailledriver.pdb
c:\users\derek\documents\proteusdriverofficial\x64\debug\samplebrailledriver.lib
c:\users\derek\documents\proteusdriverofficial\x64\debug\samplebrailledriver.exp
c:\users\derek\documents\proteusdriverofficial\x64\debug\samplebrailledriver.res
c:\users\derek\documents\proteusdriverofficial\x64\debug\samplebr.3df7c9e3.tlog\cl.command.1.tlog
c:\users\derek\documents\proteusdriverofficial\x64\debug\samplebr.3df7c9e3.tlog\cl.read.1.tlog
c:\users\derek\documents\proteusdriverofficial\x64\debug\samplebr.3df7c9e3.tlog\cl.write.1.tlog
c:\users\derek\documents\proteusdriverofficial\x64\debug\samplebr.3df7c9e3.tlog\link.command.1.tlog
c:\users\derek\documents\proteusdriverofficial\x64\debug\samplebr.3df7c9e3.tlog\link.read.1.tlog
c:\users\derek\documents\proteusdriverofficial\x64\debug\samplebr.3df7c9e3.tlog\link.write.1.tlog
c:\users\derek\documents\proteusdriverofficial\x64\debug\samplebr.3df7c9e3.tlog\link.write.2u.tlog
c:\users\derek\documents\proteusdriverofficial\x64\debug\samplebr.3df7c9e3.tlog\rc.command.1.tlog
c:\users\derek\documents\proteusdriverofficial\x64\debug\samplebr.3df7c9e3.tlog\rc.read.1.tlog
c:\users\derek\documents\proteusdriverofficial\x64\debug\samplebr.3df7c9e3.tlog\rc.write.1.tlog
